{"/home/yogaadhi/mini-project-GA11/index.js": {"path":"/home/yogaadhi/mini-project-GA11/index.js","statementMap":{"0":{"start":{"line":1,"column":0},"end":{"line":3,"column":3}},"1":{"start":{"line":5,"column":16},"end":{"line":5,"column":34}},"2":{"start":{"line":6,"column":19},"end":{"line":6,"column":48}},"3":{"start":{"line":9,"column":21},"end":{"line":9,"column":53}},"4":{"start":{"line":10,"column":20},"end":{"line":10,"column":51}},"5":{"start":{"line":11,"column":21},"end":{"line":11,"column":53}},"6":{"start":{"line":12,"column":19},"end":{"line":12,"column":49}},"7":{"start":{"line":16,"column":12},"end":{"line":16,"column":21}},"8":{"start":{"line":19,"column":0},"end":{"line":19,"column":24}},"9":{"start":{"line":20,"column":0},"end":{"line":24,"column":2}},"10":{"start":{"line":27,"column":0},"end":{"line":27,"column":22}},"11":{"start":{"line":30,"column":0},"end":{"line":30,"column":34}},"12":{"start":{"line":33,"column":0},"end":{"line":33,"column":33}},"13":{"start":{"line":34,"column":0},"end":{"line":34,"column":31}},"14":{"start":{"line":35,"column":0},"end":{"line":35,"column":33}},"15":{"start":{"line":36,"column":0},"end":{"line":36,"column":29}},"16":{"start":{"line":39,"column":0},"end":{"line":43,"column":1}},"17":{"start":{"line":42,"column":2},"end":{"line":42,"column":65}},"18":{"start":{"line":42,"column":25},"end":{"line":42,"column":63}},"19":{"start":{"line":45,"column":0},"end":{"line":45,"column":21}}},"fnMap":{"0":{"name":"(anonymous_0)","decl":{"start":{"line":42,"column":19},"end":{"line":42,"column":20}},"loc":{"start":{"line":42,"column":25},"end":{"line":42,"column":63}},"line":42}},"branchMap":{"0":{"loc":{"start":{"line":39,"column":0},"end":{"line":43,"column":1}},"type":"if","locations":[{"start":{"line":39,"column":0},"end":{"line":43,"column":1}},{"start":{"line":39,"column":0},"end":{"line":43,"column":1}}],"line":39}},"s":{"0":1,"1":1,"2":1,"3":1,"4":1,"5":1,"6":1,"7":1,"8":1,"9":1,"10":1,"11":1,"12":1,"13":1,"14":1,"15":1,"16":1,"17":0,"18":0,"19":1},"f":{"0":0},"b":{"0":[0,1]},"_coverageSchema":"1a1c01bbd47fc00a2c39e90264f33305004495a9","hash":"16a773bd57a2d383e507cf2a6ac0c587660a883b"}
,"/home/yogaadhi/mini-project-GA11/controllers/casterController.js": {"path":"/home/yogaadhi/mini-project-GA11/controllers/casterController.js","statementMap":{"0":{"start":{"line":1,"column":40},"end":{"line":1,"column":60}},"1":{"start":{"line":5,"column":0},"end":{"line":5,"column":40}}},"fnMap":{},"branchMap":{},"s":{"0":1,"1":1},"f":{},"b":{},"_coverageSchema":"1a1c01bbd47fc00a2c39e90264f33305004495a9","hash":"b0e1bcc5d392b3b39c8b62c2b501c4fc66e28c75"}
,"/home/yogaadhi/mini-project-GA11/controllers/movieController.js": {"path":"/home/yogaadhi/mini-project-GA11/controllers/movieController.js","statementMap":{"0":{"start":{"line":1,"column":40},"end":{"line":1,"column":60}},"1":{"start":{"line":5,"column":0},"end":{"line":5,"column":39}}},"fnMap":{},"branchMap":{},"s":{"0":1,"1":1},"f":{},"b":{},"_coverageSchema":"1a1c01bbd47fc00a2c39e90264f33305004495a9","hash":"b5dd702c893389b9353004eebd7abdc1fd060fb8"}
,"/home/yogaadhi/mini-project-GA11/controllers/reviewController.js": {"path":"/home/yogaadhi/mini-project-GA11/controllers/reviewController.js","statementMap":{"0":{"start":{"line":1,"column":40},"end":{"line":1,"column":60}},"1":{"start":{"line":5,"column":0},"end":{"line":5,"column":40}}},"fnMap":{},"branchMap":{},"s":{"0":1,"1":1},"f":{},"b":{},"_coverageSchema":"1a1c01bbd47fc00a2c39e90264f33305004495a9","hash":"f6c414d4403f61d31cf7004b6cf78f00e3fa28f2"}
,"/home/yogaadhi/mini-project-GA11/controllers/userController.js": {"path":"/home/yogaadhi/mini-project-GA11/controllers/userController.js","statementMap":{"0":{"start":{"line":1,"column":40},"end":{"line":1,"column":60}},"1":{"start":{"line":2,"column":12},"end":{"line":2,"column":35}},"2":{"start":{"line":6,"column":4},"end":{"line":30,"column":5}},"3":{"start":{"line":9,"column":19},"end":{"line":14,"column":7}},"4":{"start":{"line":18,"column":20},"end":{"line":18,"column":58}},"5":{"start":{"line":21,"column":6},"end":{"line":24,"column":9}},"6":{"start":{"line":26,"column":6},"end":{"line":29,"column":9}},"7":{"start":{"line":34,"column":4},"end":{"line":60,"column":5}},"8":{"start":{"line":37,"column":17},"end":{"line":45,"column":7}},"9":{"start":{"line":50,"column":6},"end":{"line":50,"column":24}},"10":{"start":{"line":51,"column":6},"end":{"line":54,"column":9}},"11":{"start":{"line":56,"column":6},"end":{"line":59,"column":9}},"12":{"start":{"line":64,"column":4},"end":{"line":84,"column":5}},"13":{"start":{"line":65,"column":17},"end":{"line":65,"column":34}},"14":{"start":{"line":68,"column":6},"end":{"line":72,"column":7}},"15":{"start":{"line":69,"column":8},"end":{"line":71,"column":11}},"16":{"start":{"line":75,"column":6},"end":{"line":78,"column":9}},"17":{"start":{"line":80,"column":6},"end":{"line":83,"column":9}},"18":{"start":{"line":89,"column":4},"end":{"line":105,"column":5}},"19":{"start":{"line":90,"column":17},"end":{"line":92,"column":8}},"20":{"start":{"line":94,"column":6},"end":{"line":99,"column":9}},"21":{"start":{"line":101,"column":6},"end":{"line":104,"column":9}},"22":{"start":{"line":110,"column":4},"end":{"line":122,"column":5}},"23":{"start":{"line":112,"column":6},"end":{"line":112,"column":46}},"24":{"start":{"line":114,"column":6},"end":{"line":116,"column":9}},"25":{"start":{"line":118,"column":6},"end":{"line":121,"column":9}},"26":{"start":{"line":126,"column":4},"end":{"line":144,"column":22}},"27":{"start":{"line":127,"column":17},"end":{"line":139,"column":7}},"28":{"start":{"line":140,"column":6},"end":{"line":143,"column":9}},"29":{"start":{"line":148,"column":0},"end":{"line":148,"column":38}}},"fnMap":{"0":{"name":"(anonymous_0)","decl":{"start":{"line":5,"column":2},"end":{"line":5,"column":3}},"loc":{"start":{"line":5,"column":27},"end":{"line":31,"column":3}},"line":5},"1":{"name":"(anonymous_1)","decl":{"start":{"line":33,"column":2},"end":{"line":33,"column":3}},"loc":{"start":{"line":33,"column":25},"end":{"line":61,"column":3}},"line":33},"2":{"name":"(anonymous_2)","decl":{"start":{"line":63,"column":2},"end":{"line":63,"column":3}},"loc":{"start":{"line":63,"column":25},"end":{"line":85,"column":3}},"line":63},"3":{"name":"(anonymous_3)","decl":{"start":{"line":88,"column":2},"end":{"line":88,"column":3}},"loc":{"start":{"line":88,"column":25},"end":{"line":106,"column":3}},"line":88},"4":{"name":"(anonymous_4)","decl":{"start":{"line":109,"column":2},"end":{"line":109,"column":3}},"loc":{"start":{"line":109,"column":25},"end":{"line":123,"column":3}},"line":109},"5":{"name":"(anonymous_5)","decl":{"start":{"line":125,"column":2},"end":{"line":125,"column":3}},"loc":{"start":{"line":125,"column":31},"end":{"line":145,"column":3}},"line":125}},"branchMap":{"0":{"loc":{"start":{"line":68,"column":6},"end":{"line":72,"column":7}},"type":"if","locations":[{"start":{"line":68,"column":6},"end":{"line":72,"column":7}},{"start":{"line":68,"column":6},"end":{"line":72,"column":7}}],"line":68}},"s":{"0":1,"1":1,"2":2,"3":2,"4":2,"5":2,"6":0,"7":0,"8":0,"9":0,"10":0,"11":0,"12":0,"13":0,"14":0,"15":0,"16":0,"17":0,"18":0,"19":0,"20":0,"21":0,"22":0,"23":0,"24":0,"25":0,"26":0,"27":0,"28":0,"29":1},"f":{"0":2,"1":0,"2":0,"3":0,"4":0,"5":0},"b":{"0":[0,0]},"_coverageSchema":"1a1c01bbd47fc00a2c39e90264f33305004495a9","hash":"6b55edd14ba2d98a0c1387f9916f74b68e1d242d"}
,"/home/yogaadhi/mini-project-GA11/middlewares/auth/index.js": {"path":"/home/yogaadhi/mini-project-GA11/middlewares/auth/index.js","statementMap":{"0":{"start":{"line":1,"column":17},"end":{"line":1,"column":36}},"1":{"start":{"line":2,"column":22},"end":{"line":2,"column":56}},"2":{"start":{"line":3,"column":17},"end":{"line":3,"column":40}},"3":{"start":{"line":4,"column":15},"end":{"line":4,"column":32}},"4":{"start":{"line":5,"column":20},"end":{"line":5,"column":52}},"5":{"start":{"line":6,"column":19},"end":{"line":6,"column":53}},"6":{"start":{"line":9,"column":0},"end":{"line":38,"column":2}},"7":{"start":{"line":11,"column":2},"end":{"line":37,"column":21}},"8":{"start":{"line":18,"column":4},"end":{"line":23,"column":5}},"9":{"start":{"line":19,"column":6},"end":{"line":22,"column":9}},"10":{"start":{"line":26,"column":4},"end":{"line":30,"column":5}},"11":{"start":{"line":27,"column":6},"end":{"line":29,"column":9}},"12":{"start":{"line":33,"column":4},"end":{"line":33,"column":20}},"13":{"start":{"line":36,"column":4},"end":{"line":36,"column":11}},"14":{"start":{"line":40,"column":0},"end":{"line":74,"column":2}},"15":{"start":{"line":49,"column":6},"end":{"line":71,"column":7}},"16":{"start":{"line":52,"column":25},"end":{"line":52,"column":52}},"17":{"start":{"line":59,"column":8},"end":{"line":62,"column":11}},"18":{"start":{"line":68,"column":8},"end":{"line":70,"column":11}},"19":{"start":{"line":76,"column":0},"end":{"line":105,"column":2}},"20":{"start":{"line":78,"column":2},"end":{"line":104,"column":21}},"21":{"start":{"line":85,"column":4},"end":{"line":90,"column":5}},"22":{"start":{"line":86,"column":6},"end":{"line":89,"column":9}},"23":{"start":{"line":93,"column":4},"end":{"line":97,"column":5}},"24":{"start":{"line":94,"column":6},"end":{"line":96,"column":9}},"25":{"start":{"line":100,"column":4},"end":{"line":100,"column":20}},"26":{"start":{"line":103,"column":4},"end":{"line":103,"column":11}},"27":{"start":{"line":107,"column":0},"end":{"line":158,"column":2}},"28":{"start":{"line":116,"column":6},"end":{"line":155,"column":7}},"29":{"start":{"line":119,"column":25},"end":{"line":119,"column":54}},"30":{"start":{"line":125,"column":8},"end":{"line":129,"column":9}},"31":{"start":{"line":126,"column":10},"end":{"line":128,"column":13}},"32":{"start":{"line":132,"column":23},"end":{"line":132,"column":74}},"33":{"start":{"line":137,"column":8},"end":{"line":141,"column":9}},"34":{"start":{"line":138,"column":10},"end":{"line":140,"column":13}},"35":{"start":{"line":143,"column":8},"end":{"line":145,"column":11}},"36":{"start":{"line":152,"column":8},"end":{"line":154,"column":11}},"37":{"start":{"line":160,"column":0},"end":{"line":189,"column":2}},"38":{"start":{"line":162,"column":2},"end":{"line":188,"column":21}},"39":{"start":{"line":169,"column":4},"end":{"line":174,"column":5}},"40":{"start":{"line":170,"column":6},"end":{"line":173,"column":9}},"41":{"start":{"line":177,"column":4},"end":{"line":181,"column":5}},"42":{"start":{"line":178,"column":6},"end":{"line":180,"column":9}},"43":{"start":{"line":184,"column":4},"end":{"line":184,"column":20}},"44":{"start":{"line":187,"column":4},"end":{"line":187,"column":11}},"45":{"start":{"line":191,"column":0},"end":{"line":223,"column":2}},"46":{"start":{"line":203,"column":6},"end":{"line":220,"column":7}},"47":{"start":{"line":204,"column":8},"end":{"line":204,"column":27}},"48":{"start":{"line":205,"column":26},"end":{"line":205,"column":63}},"49":{"start":{"line":207,"column":8},"end":{"line":209,"column":9}},"50":{"start":{"line":208,"column":10},"end":{"line":208,"column":35}},"51":{"start":{"line":211,"column":8},"end":{"line":213,"column":10}},"52":{"start":{"line":217,"column":8},"end":{"line":219,"column":11}},"53":{"start":{"line":225,"column":0},"end":{"line":254,"column":2}},"54":{"start":{"line":227,"column":2},"end":{"line":253,"column":21}},"55":{"start":{"line":234,"column":4},"end":{"line":239,"column":5}},"56":{"start":{"line":235,"column":6},"end":{"line":238,"column":9}},"57":{"start":{"line":242,"column":4},"end":{"line":246,"column":5}},"58":{"start":{"line":243,"column":6},"end":{"line":245,"column":9}},"59":{"start":{"line":249,"column":4},"end":{"line":249,"column":20}},"60":{"start":{"line":252,"column":4},"end":{"line":252,"column":11}},"61":{"start":{"line":256,"column":0},"end":{"line":288,"column":2}},"62":{"start":{"line":268,"column":6},"end":{"line":285,"column":7}},"63":{"start":{"line":269,"column":8},"end":{"line":269,"column":27}},"64":{"start":{"line":270,"column":26},"end":{"line":270,"column":63}},"65":{"start":{"line":272,"column":8},"end":{"line":274,"column":9}},"66":{"start":{"line":273,"column":10},"end":{"line":273,"column":35}},"67":{"start":{"line":276,"column":8},"end":{"line":278,"column":10}},"68":{"start":{"line":282,"column":8},"end":{"line":284,"column":11}}},"fnMap":{"0":{"name":"(anonymous_0)","decl":{"start":{"line":9,"column":17},"end":{"line":9,"column":18}},"loc":{"start":{"line":9,"column":37},"end":{"line":38,"column":1}},"line":9},"1":{"name":"(anonymous_1)","decl":{"start":{"line":11,"column":54},"end":{"line":11,"column":55}},"loc":{"start":{"line":11,"column":75},"end":{"line":37,"column":3}},"line":11},"2":{"name":"(anonymous_2)","decl":{"start":{"line":48,"column":4},"end":{"line":48,"column":5}},"loc":{"start":{"line":48,"column":42},"end":{"line":72,"column":5}},"line":48},"3":{"name":"(anonymous_3)","decl":{"start":{"line":76,"column":17},"end":{"line":76,"column":18}},"loc":{"start":{"line":76,"column":37},"end":{"line":105,"column":1}},"line":76},"4":{"name":"(anonymous_4)","decl":{"start":{"line":78,"column":54},"end":{"line":78,"column":55}},"loc":{"start":{"line":78,"column":75},"end":{"line":104,"column":3}},"line":78},"5":{"name":"(anonymous_5)","decl":{"start":{"line":115,"column":4},"end":{"line":115,"column":5}},"loc":{"start":{"line":115,"column":42},"end":{"line":156,"column":5}},"line":115},"6":{"name":"(anonymous_6)","decl":{"start":{"line":160,"column":16},"end":{"line":160,"column":17}},"loc":{"start":{"line":160,"column":36},"end":{"line":189,"column":1}},"line":160},"7":{"name":"(anonymous_7)","decl":{"start":{"line":162,"column":30},"end":{"line":162,"column":31}},"loc":{"start":{"line":162,"column":51},"end":{"line":188,"column":3}},"line":162},"8":{"name":"(anonymous_8)","decl":{"start":{"line":201,"column":4},"end":{"line":201,"column":5}},"loc":{"start":{"line":201,"column":27},"end":{"line":221,"column":5}},"line":201},"9":{"name":"(anonymous_9)","decl":{"start":{"line":225,"column":15},"end":{"line":225,"column":16}},"loc":{"start":{"line":225,"column":35},"end":{"line":254,"column":1}},"line":225},"10":{"name":"(anonymous_10)","decl":{"start":{"line":227,"column":29},"end":{"line":227,"column":30}},"loc":{"start":{"line":227,"column":50},"end":{"line":253,"column":3}},"line":227},"11":{"name":"(anonymous_11)","decl":{"start":{"line":266,"column":4},"end":{"line":266,"column":5}},"loc":{"start":{"line":266,"column":27},"end":{"line":286,"column":5}},"line":266}},"branchMap":{"0":{"loc":{"start":{"line":18,"column":4},"end":{"line":23,"column":5}},"type":"if","locations":[{"start":{"line":18,"column":4},"end":{"line":23,"column":5}},{"start":{"line":18,"column":4},"end":{"line":23,"column":5}}],"line":18},"1":{"loc":{"start":{"line":26,"column":4},"end":{"line":30,"column":5}},"type":"if","locations":[{"start":{"line":26,"column":4},"end":{"line":30,"column":5}},{"start":{"line":26,"column":4},"end":{"line":30,"column":5}}],"line":26},"2":{"loc":{"start":{"line":85,"column":4},"end":{"line":90,"column":5}},"type":"if","locations":[{"start":{"line":85,"column":4},"end":{"line":90,"column":5}},{"start":{"line":85,"column":4},"end":{"line":90,"column":5}}],"line":85},"3":{"loc":{"start":{"line":93,"column":4},"end":{"line":97,"column":5}},"type":"if","locations":[{"start":{"line":93,"column":4},"end":{"line":97,"column":5}},{"start":{"line":93,"column":4},"end":{"line":97,"column":5}}],"line":93},"4":{"loc":{"start":{"line":125,"column":8},"end":{"line":129,"column":9}},"type":"if","locations":[{"start":{"line":125,"column":8},"end":{"line":129,"column":9}},{"start":{"line":125,"column":8},"end":{"line":129,"column":9}}],"line":125},"5":{"loc":{"start":{"line":137,"column":8},"end":{"line":141,"column":9}},"type":"if","locations":[{"start":{"line":137,"column":8},"end":{"line":141,"column":9}},{"start":{"line":137,"column":8},"end":{"line":141,"column":9}}],"line":137},"6":{"loc":{"start":{"line":169,"column":4},"end":{"line":174,"column":5}},"type":"if","locations":[{"start":{"line":169,"column":4},"end":{"line":174,"column":5}},{"start":{"line":169,"column":4},"end":{"line":174,"column":5}}],"line":169},"7":{"loc":{"start":{"line":177,"column":4},"end":{"line":181,"column":5}},"type":"if","locations":[{"start":{"line":177,"column":4},"end":{"line":181,"column":5}},{"start":{"line":177,"column":4},"end":{"line":181,"column":5}}],"line":177},"8":{"loc":{"start":{"line":207,"column":8},"end":{"line":209,"column":9}},"type":"if","locations":[{"start":{"line":207,"column":8},"end":{"line":209,"column":9}},{"start":{"line":207,"column":8},"end":{"line":209,"column":9}}],"line":207},"9":{"loc":{"start":{"line":234,"column":4},"end":{"line":239,"column":5}},"type":"if","locations":[{"start":{"line":234,"column":4},"end":{"line":239,"column":5}},{"start":{"line":234,"column":4},"end":{"line":239,"column":5}}],"line":234},"10":{"loc":{"start":{"line":242,"column":4},"end":{"line":246,"column":5}},"type":"if","locations":[{"start":{"line":242,"column":4},"end":{"line":246,"column":5}},{"start":{"line":242,"column":4},"end":{"line":246,"column":5}}],"line":242},"11":{"loc":{"start":{"line":272,"column":8},"end":{"line":274,"column":9}},"type":"if","locations":[{"start":{"line":272,"column":8},"end":{"line":274,"column":9}},{"start":{"line":272,"column":8},"end":{"line":274,"column":9}}],"line":272}},"s":{"0":1,"1":1,"2":1,"3":1,"4":1,"5":1,"6":1,"7":2,"8":2,"9":0,"10":2,"11":1,"12":1,"13":1,"14":1,"15":2,"16":2,"17":1,"18":1,"19":1,"20":1,"21":1,"22":0,"23":1,"24":0,"25":1,"26":1,"27":1,"28":1,"29":1,"30":1,"31":0,"32":1,"33":1,"34":0,"35":1,"36":0,"37":1,"38":0,"39":0,"40":0,"41":0,"42":0,"43":0,"44":0,"45":1,"46":0,"47":0,"48":0,"49":0,"50":0,"51":0,"52":0,"53":1,"54":0,"55":0,"56":0,"57":0,"58":0,"59":0,"60":0,"61":1,"62":0,"63":0,"64":0,"65":0,"66":0,"67":0,"68":0},"f":{"0":2,"1":2,"2":2,"3":1,"4":1,"5":1,"6":0,"7":0,"8":0,"9":0,"10":0,"11":0},"b":{"0":[0,2],"1":[1,1],"2":[0,1],"3":[0,1],"4":[0,1],"5":[0,1],"6":[0,0],"7":[0,0],"8":[0,0],"9":[0,0],"10":[0,0],"11":[0,0]},"_coverageSchema":"1a1c01bbd47fc00a2c39e90264f33305004495a9","hash":"2684c8e6bd110a7cb18cf63a7bbe5a21ca1e25e6"}
,"/home/yogaadhi/mini-project-GA11/middlewares/validators/userValidator.js": {"path":"/home/yogaadhi/mini-project-GA11/middlewares/validators/userValidator.js","statementMap":{"0":{"start":{"line":1,"column":18},"end":{"line":1,"column":38}},"1":{"start":{"line":2,"column":15},"end":{"line":2,"column":32}},"2":{"start":{"line":3,"column":13},"end":{"line":3,"column":28}},"3":{"start":{"line":5,"column":0},"end":{"line":61,"column":2}},"4":{"start":{"line":8,"column":15},"end":{"line":8,"column":17}},"5":{"start":{"line":9,"column":2},"end":{"line":11,"column":3}},"6":{"start":{"line":10,"column":4},"end":{"line":10,"column":45}},"7":{"start":{"line":13,"column":2},"end":{"line":17,"column":3}},"8":{"start":{"line":14,"column":4},"end":{"line":16,"column":6}},"9":{"start":{"line":20,"column":2},"end":{"line":22,"column":3}},"10":{"start":{"line":21,"column":4},"end":{"line":21,"column":66}},"11":{"start":{"line":25,"column":2},"end":{"line":29,"column":3}},"12":{"start":{"line":26,"column":4},"end":{"line":28,"column":7}},"13":{"start":{"line":32,"column":2},"end":{"line":58,"column":3}},"14":{"start":{"line":33,"column":17},"end":{"line":33,"column":32}},"15":{"start":{"line":36,"column":4},"end":{"line":38,"column":5}},"16":{"start":{"line":37,"column":6},"end":{"line":37,"column":46}},"17":{"start":{"line":41,"column":19},"end":{"line":41,"column":57}},"18":{"start":{"line":44,"column":4},"end":{"line":44,"column":58}},"19":{"start":{"line":47,"column":4},"end":{"line":47,"column":31}},"20":{"start":{"line":50,"column":4},"end":{"line":57,"column":7}},"21":{"start":{"line":51,"column":6},"end":{"line":56,"column":7}},"22":{"start":{"line":52,"column":8},"end":{"line":55,"column":11}},"23":{"start":{"line":60,"column":2},"end":{"line":60,"column":9}},"24":{"start":{"line":63,"column":0},"end":{"line":81,"column":2}},"25":{"start":{"line":64,"column":15},"end":{"line":64,"column":17}},"26":{"start":{"line":65,"column":2},"end":{"line":67,"column":3}},"27":{"start":{"line":66,"column":4},"end":{"line":66,"column":45}},"28":{"start":{"line":69,"column":2},"end":{"line":73,"column":3}},"29":{"start":{"line":70,"column":4},"end":{"line":72,"column":6}},"30":{"start":{"line":74,"column":2},"end":{"line":78,"column":3}},"31":{"start":{"line":75,"column":4},"end":{"line":77,"column":7}},"32":{"start":{"line":80,"column":2},"end":{"line":80,"column":9}},"33":{"start":{"line":84,"column":0},"end":{"line":140,"column":2}},"34":{"start":{"line":87,"column":15},"end":{"line":87,"column":17}},"35":{"start":{"line":88,"column":2},"end":{"line":90,"column":3}},"36":{"start":{"line":89,"column":4},"end":{"line":89,"column":45}},"37":{"start":{"line":92,"column":2},"end":{"line":96,"column":3}},"38":{"start":{"line":93,"column":4},"end":{"line":95,"column":6}},"39":{"start":{"line":99,"column":2},"end":{"line":101,"column":3}},"40":{"start":{"line":100,"column":4},"end":{"line":100,"column":66}},"41":{"start":{"line":104,"column":2},"end":{"line":108,"column":3}},"42":{"start":{"line":105,"column":4},"end":{"line":107,"column":7}},"43":{"start":{"line":111,"column":2},"end":{"line":137,"column":3}},"44":{"start":{"line":112,"column":17},"end":{"line":112,"column":32}},"45":{"start":{"line":115,"column":4},"end":{"line":117,"column":5}},"46":{"start":{"line":116,"column":6},"end":{"line":116,"column":46}},"47":{"start":{"line":120,"column":19},"end":{"line":120,"column":57}},"48":{"start":{"line":123,"column":4},"end":{"line":123,"column":58}},"49":{"start":{"line":126,"column":4},"end":{"line":126,"column":31}},"50":{"start":{"line":129,"column":4},"end":{"line":136,"column":7}},"51":{"start":{"line":130,"column":6},"end":{"line":135,"column":7}},"52":{"start":{"line":131,"column":8},"end":{"line":134,"column":11}},"53":{"start":{"line":139,"column":2},"end":{"line":139,"column":9}}},"fnMap":{"0":{"name":"(anonymous_0)","decl":{"start":{"line":5,"column":17},"end":{"line":5,"column":18}},"loc":{"start":{"line":5,"column":43},"end":{"line":61,"column":1}},"line":5},"1":{"name":"(anonymous_1)","decl":{"start":{"line":50,"column":44},"end":{"line":50,"column":45}},"loc":{"start":{"line":50,"column":59},"end":{"line":57,"column":5}},"line":50},"2":{"name":"(anonymous_2)","decl":{"start":{"line":63,"column":17},"end":{"line":63,"column":18}},"loc":{"start":{"line":63,"column":43},"end":{"line":81,"column":1}},"line":63},"3":{"name":"(anonymous_3)","decl":{"start":{"line":84,"column":17},"end":{"line":84,"column":18}},"loc":{"start":{"line":84,"column":43},"end":{"line":140,"column":1}},"line":84},"4":{"name":"(anonymous_4)","decl":{"start":{"line":129,"column":44},"end":{"line":129,"column":45}},"loc":{"start":{"line":129,"column":59},"end":{"line":136,"column":5}},"line":129}},"branchMap":{"0":{"loc":{"start":{"line":9,"column":2},"end":{"line":11,"column":3}},"type":"if","locations":[{"start":{"line":9,"column":2},"end":{"line":11,"column":3}},{"start":{"line":9,"column":2},"end":{"line":11,"column":3}}],"line":9},"1":{"loc":{"start":{"line":13,"column":2},"end":{"line":17,"column":3}},"type":"if","locations":[{"start":{"line":13,"column":2},"end":{"line":17,"column":3}},{"start":{"line":13,"column":2},"end":{"line":17,"column":3}}],"line":13},"2":{"loc":{"start":{"line":20,"column":2},"end":{"line":22,"column":3}},"type":"if","locations":[{"start":{"line":20,"column":2},"end":{"line":22,"column":3}},{"start":{"line":20,"column":2},"end":{"line":22,"column":3}}],"line":20},"3":{"loc":{"start":{"line":25,"column":2},"end":{"line":29,"column":3}},"type":"if","locations":[{"start":{"line":25,"column":2},"end":{"line":29,"column":3}},{"start":{"line":25,"column":2},"end":{"line":29,"column":3}}],"line":25},"4":{"loc":{"start":{"line":32,"column":2},"end":{"line":58,"column":3}},"type":"if","locations":[{"start":{"line":32,"column":2},"end":{"line":58,"column":3}},{"start":{"line":32,"column":2},"end":{"line":58,"column":3}}],"line":32},"5":{"loc":{"start":{"line":36,"column":4},"end":{"line":38,"column":5}},"type":"if","locations":[{"start":{"line":36,"column":4},"end":{"line":38,"column":5}},{"start":{"line":36,"column":4},"end":{"line":38,"column":5}}],"line":36},"6":{"loc":{"start":{"line":51,"column":6},"end":{"line":56,"column":7}},"type":"if","locations":[{"start":{"line":51,"column":6},"end":{"line":56,"column":7}},{"start":{"line":51,"column":6},"end":{"line":56,"column":7}}],"line":51},"7":{"loc":{"start":{"line":65,"column":2},"end":{"line":67,"column":3}},"type":"if","locations":[{"start":{"line":65,"column":2},"end":{"line":67,"column":3}},{"start":{"line":65,"column":2},"end":{"line":67,"column":3}}],"line":65},"8":{"loc":{"start":{"line":69,"column":2},"end":{"line":73,"column":3}},"type":"if","locations":[{"start":{"line":69,"column":2},"end":{"line":73,"column":3}},{"start":{"line":69,"column":2},"end":{"line":73,"column":3}}],"line":69},"9":{"loc":{"start":{"line":74,"column":2},"end":{"line":78,"column":3}},"type":"if","locations":[{"start":{"line":74,"column":2},"end":{"line":78,"column":3}},{"start":{"line":74,"column":2},"end":{"line":78,"column":3}}],"line":74},"10":{"loc":{"start":{"line":88,"column":2},"end":{"line":90,"column":3}},"type":"if","locations":[{"start":{"line":88,"column":2},"end":{"line":90,"column":3}},{"start":{"line":88,"column":2},"end":{"line":90,"column":3}}],"line":88},"11":{"loc":{"start":{"line":92,"column":2},"end":{"line":96,"column":3}},"type":"if","locations":[{"start":{"line":92,"column":2},"end":{"line":96,"column":3}},{"start":{"line":92,"column":2},"end":{"line":96,"column":3}}],"line":92},"12":{"loc":{"start":{"line":99,"column":2},"end":{"line":101,"column":3}},"type":"if","locations":[{"start":{"line":99,"column":2},"end":{"line":101,"column":3}},{"start":{"line":99,"column":2},"end":{"line":101,"column":3}}],"line":99},"13":{"loc":{"start":{"line":104,"column":2},"end":{"line":108,"column":3}},"type":"if","locations":[{"start":{"line":104,"column":2},"end":{"line":108,"column":3}},{"start":{"line":104,"column":2},"end":{"line":108,"column":3}}],"line":104},"14":{"loc":{"start":{"line":111,"column":2},"end":{"line":137,"column":3}},"type":"if","locations":[{"start":{"line":111,"column":2},"end":{"line":137,"column":3}},{"start":{"line":111,"column":2},"end":{"line":137,"column":3}}],"line":111},"15":{"loc":{"start":{"line":115,"column":4},"end":{"line":117,"column":5}},"type":"if","locations":[{"start":{"line":115,"column":4},"end":{"line":117,"column":5}},{"start":{"line":115,"column":4},"end":{"line":117,"column":5}}],"line":115},"16":{"loc":{"start":{"line":130,"column":6},"end":{"line":135,"column":7}},"type":"if","locations":[{"start":{"line":130,"column":6},"end":{"line":135,"column":7}},{"start":{"line":130,"column":6},"end":{"line":135,"column":7}}],"line":130}},"s":{"0":1,"1":1,"2":1,"3":1,"4":2,"5":2,"6":0,"7":2,"8":0,"9":2,"10":0,"11":2,"12":0,"13":2,"14":0,"15":0,"16":0,"17":0,"18":0,"19":0,"20":0,"21":0,"22":0,"23":2,"24":1,"25":1,"26":1,"27":0,"28":1,"29":0,"30":1,"31":0,"32":1,"33":1,"34":0,"35":0,"36":0,"37":0,"38":0,"39":0,"40":0,"41":0,"42":0,"43":0,"44":0,"45":0,"46":0,"47":0,"48":0,"49":0,"50":0,"51":0,"52":0,"53":0},"f":{"0":2,"1":0,"2":1,"3":0,"4":0},"b":{"0":[0,2],"1":[0,2],"2":[0,2],"3":[0,2],"4":[0,2],"5":[0,0],"6":[0,0],"7":[0,1],"8":[0,1],"9":[0,1],"10":[0,0],"11":[0,0],"12":[0,0],"13":[0,0],"14":[0,0],"15":[0,0],"16":[0,0]},"_coverageSchema":"1a1c01bbd47fc00a2c39e90264f33305004495a9","hash":"496f6e74cd5440ab9207737a150797523689169e"}
,"/home/yogaadhi/mini-project-GA11/models/caster.js": {"path":"/home/yogaadhi/mini-project-GA11/models/caster.js","statementMap":{"0":{"start":{"line":1,"column":17},"end":{"line":1,"column":36}},"1":{"start":{"line":2,"column":23},"end":{"line":2,"column":49}},"2":{"start":{"line":5,"column":21},"end":{"line":17,"column":1}},"3":{"start":{"line":20,"column":0},"end":{"line":20,"column":64}},"4":{"start":{"line":22,"column":0},"end":{"line":22,"column":56}}},"fnMap":{},"branchMap":{},"s":{"0":1,"1":1,"2":1,"3":1,"4":1},"f":{},"b":{},"_coverageSchema":"1a1c01bbd47fc00a2c39e90264f33305004495a9","hash":"1949a4eb8896c4c68fde965fc5db63a779a4e423"}
,"/home/yogaadhi/mini-project-GA11/models/index.js": {"path":"/home/yogaadhi/mini-project-GA11/models/index.js","statementMap":{"0":{"start":{"line":1,"column":17},"end":{"line":1,"column":36}},"1":{"start":{"line":3,"column":12},"end":{"line":3,"column":33}},"2":{"start":{"line":6,"column":0},"end":{"line":14,"column":38}},"3":{"start":{"line":13,"column":14},"end":{"line":13,"column":47}},"4":{"start":{"line":14,"column":18},"end":{"line":14,"column":36}},"5":{"start":{"line":17,"column":15},"end":{"line":17,"column":34}},"6":{"start":{"line":18,"column":14},"end":{"line":18,"column":32}},"7":{"start":{"line":19,"column":15},"end":{"line":19,"column":34}},"8":{"start":{"line":20,"column":13},"end":{"line":20,"column":30}},"9":{"start":{"line":23,"column":0},"end":{"line":23,"column":49}}},"fnMap":{"0":{"name":"(anonymous_0)","decl":{"start":{"line":13,"column":8},"end":{"line":13,"column":9}},"loc":{"start":{"line":13,"column":14},"end":{"line":13,"column":47}},"line":13},"1":{"name":"(anonymous_1)","decl":{"start":{"line":14,"column":9},"end":{"line":14,"column":10}},"loc":{"start":{"line":14,"column":18},"end":{"line":14,"column":36}},"line":14}},"branchMap":{},"s":{"0":1,"1":1,"2":1,"3":1,"4":0,"5":1,"6":1,"7":1,"8":1,"9":1},"f":{"0":1,"1":0},"b":{},"_coverageSchema":"1a1c01bbd47fc00a2c39e90264f33305004495a9","hash":"71b8fa67b34fb63727203cffd90e6840facfbc43"}
,"/home/yogaadhi/mini-project-GA11/models/movie.js": {"path":"/home/yogaadhi/mini-project-GA11/models/movie.js","statementMap":{"0":{"start":{"line":1,"column":17},"end":{"line":1,"column":36}},"1":{"start":{"line":2,"column":23},"end":{"line":2,"column":49}},"2":{"start":{"line":5,"column":20},"end":{"line":17,"column":1}},"3":{"start":{"line":20,"column":0},"end":{"line":20,"column":63}},"4":{"start":{"line":22,"column":0},"end":{"line":22,"column":54}}},"fnMap":{},"branchMap":{},"s":{"0":1,"1":1,"2":1,"3":1,"4":1},"f":{},"b":{},"_coverageSchema":"1a1c01bbd47fc00a2c39e90264f33305004495a9","hash":"5ef98cfb6c8116b8f329ce7d7e5a4250495315f6"}
,"/home/yogaadhi/mini-project-GA11/models/review.js": {"path":"/home/yogaadhi/mini-project-GA11/models/review.js","statementMap":{"0":{"start":{"line":1,"column":17},"end":{"line":1,"column":36}},"1":{"start":{"line":2,"column":23},"end":{"line":2,"column":49}},"2":{"start":{"line":5,"column":21},"end":{"line":34,"column":1}},"3":{"start":{"line":37,"column":0},"end":{"line":37,"column":64}},"4":{"start":{"line":39,"column":0},"end":{"line":39,"column":56}}},"fnMap":{},"branchMap":{},"s":{"0":1,"1":1,"2":1,"3":1,"4":1},"f":{},"b":{},"_coverageSchema":"1a1c01bbd47fc00a2c39e90264f33305004495a9","hash":"1f1298c2c08e0293cab1a42ec22a27d0a87cb6c8"}
,"/home/yogaadhi/mini-project-GA11/models/user.js": {"path":"/home/yogaadhi/mini-project-GA11/models/user.js","statementMap":{"0":{"start":{"line":1,"column":17},"end":{"line":1,"column":36}},"1":{"start":{"line":2,"column":23},"end":{"line":2,"column":49}},"2":{"start":{"line":3,"column":15},"end":{"line":3,"column":32}},"3":{"start":{"line":6,"column":24},"end":{"line":11,"column":2}},"4":{"start":{"line":13,"column":19},"end":{"line":54,"column":1}},"5":{"start":{"line":58,"column":2},"end":{"line":58,"column":28}},"6":{"start":{"line":63,"column":28},"end":{"line":63,"column":57}},"7":{"start":{"line":64,"column":2},"end":{"line":64,"column":27}},"8":{"start":{"line":67,"column":0},"end":{"line":67,"column":62}},"9":{"start":{"line":69,"column":0},"end":{"line":69,"column":52}}},"fnMap":{"0":{"name":"getImage","decl":{"start":{"line":57,"column":9},"end":{"line":57,"column":17}},"loc":{"start":{"line":57,"column":25},"end":{"line":59,"column":1}},"line":57},"1":{"name":"encryptPassword","decl":{"start":{"line":62,"column":9},"end":{"line":62,"column":24}},"loc":{"start":{"line":62,"column":35},"end":{"line":65,"column":1}},"line":62}},"branchMap":{},"s":{"0":1,"1":1,"2":1,"3":1,"4":1,"5":0,"6":2,"7":2,"8":1,"9":1},"f":{"0":0,"1":2},"b":{},"_coverageSchema":"1a1c01bbd47fc00a2c39e90264f33305004495a9","hash":"d265701f140c14f5453087cc830658de73e62b93"}
,"/home/yogaadhi/mini-project-GA11/routes/casterRoutes.js": {"path":"/home/yogaadhi/mini-project-GA11/routes/casterRoutes.js","statementMap":{"0":{"start":{"line":1,"column":16},"end":{"line":1,"column":34}},"1":{"start":{"line":6,"column":25},"end":{"line":6,"column":67}},"2":{"start":{"line":11,"column":15},"end":{"line":11,"column":31}},"3":{"start":{"line":14,"column":0},"end":{"line":14,"column":24}}},"fnMap":{},"branchMap":{},"s":{"0":1,"1":1,"2":1,"3":1},"f":{},"b":{},"_coverageSchema":"1a1c01bbd47fc00a2c39e90264f33305004495a9","hash":"1c3c693a1e71f82e88a600f0a8d188ac00551573"}
,"/home/yogaadhi/mini-project-GA11/routes/movieRoutes.js": {"path":"/home/yogaadhi/mini-project-GA11/routes/movieRoutes.js","statementMap":{"0":{"start":{"line":1,"column":16},"end":{"line":1,"column":34}},"1":{"start":{"line":6,"column":24},"end":{"line":6,"column":65}},"2":{"start":{"line":11,"column":15},"end":{"line":11,"column":31}},"3":{"start":{"line":14,"column":0},"end":{"line":14,"column":24}}},"fnMap":{},"branchMap":{},"s":{"0":1,"1":1,"2":1,"3":1},"f":{},"b":{},"_coverageSchema":"1a1c01bbd47fc00a2c39e90264f33305004495a9","hash":"9a7b9a66cb7d54484474368647e43b86653d2586"}
,"/home/yogaadhi/mini-project-GA11/routes/reviewRoutes.js": {"path":"/home/yogaadhi/mini-project-GA11/routes/reviewRoutes.js","statementMap":{"0":{"start":{"line":1,"column":16},"end":{"line":1,"column":34}},"1":{"start":{"line":6,"column":25},"end":{"line":6,"column":67}},"2":{"start":{"line":11,"column":15},"end":{"line":11,"column":31}},"3":{"start":{"line":14,"column":0},"end":{"line":14,"column":24}}},"fnMap":{},"branchMap":{},"s":{"0":1,"1":1,"2":1,"3":1},"f":{},"b":{},"_coverageSchema":"1a1c01bbd47fc00a2c39e90264f33305004495a9","hash":"f0f0127b2aaf230c2edcfa0d583559ca3654b448"}
,"/home/yogaadhi/mini-project-GA11/routes/userRoutes.js": {"path":"/home/yogaadhi/mini-project-GA11/routes/userRoutes.js","statementMap":{"0":{"start":{"line":1,"column":16},"end":{"line":1,"column":34}},"1":{"start":{"line":3,"column":23},"end":{"line":3,"column":63}},"2":{"start":{"line":4,"column":22},"end":{"line":4,"column":72}},"3":{"start":{"line":5,"column":13},"end":{"line":5,"column":43}},"4":{"start":{"line":15,"column":15},"end":{"line":15,"column":31}},"5":{"start":{"line":17,"column":0},"end":{"line":22,"column":2}},"6":{"start":{"line":23,"column":0},"end":{"line":28,"column":2}},"7":{"start":{"line":29,"column":0},"end":{"line":29,"column":79}},"8":{"start":{"line":30,"column":0},"end":{"line":30,"column":50}},"9":{"start":{"line":31,"column":0},"end":{"line":31,"column":61}},"10":{"start":{"line":32,"column":0},"end":{"line":32,"column":67}},"11":{"start":{"line":33,"column":0},"end":{"line":33,"column":59}},"12":{"start":{"line":36,"column":0},"end":{"line":36,"column":69}},"13":{"start":{"line":38,"column":0},"end":{"line":38,"column":24}}},"fnMap":{},"branchMap":{},"s":{"0":1,"1":1,"2":1,"3":1,"4":1,"5":1,"6":1,"7":1,"8":1,"9":1,"10":1,"11":1,"12":1,"13":1},"f":{},"b":{},"_coverageSchema":"1a1c01bbd47fc00a2c39e90264f33305004495a9","hash":"db9c2877db5efdbc6dad7ef546112ccad681db54"}
}
