TN:
SF:index.js
FN:42,(anonymous_0)
FNF:1
FNH:0
FNDA:0,(anonymous_0)
DA:1,1
DA:5,1
DA:6,1
DA:9,1
DA:10,1
DA:11,1
DA:12,1
DA:16,1
DA:19,1
DA:20,1
DA:27,1
DA:30,1
DA:33,1
DA:34,1
DA:35,1
DA:36,1
DA:39,1
DA:42,0
DA:45,1
LF:19
LH:18
BRDA:39,0,0,0
BRDA:39,0,1,1
BRF:2
BRH:1
end_of_record
TN:
SF:controllers/casterController.js
FNF:0
FNH:0
DA:1,1
DA:5,1
LF:2
LH:2
BRF:0
BRH:0
end_of_record
TN:
SF:controllers/movieController.js
FNF:0
FNH:0
DA:1,1
DA:5,1
LF:2
LH:2
BRF:0
BRH:0
end_of_record
TN:
SF:controllers/reviewController.js
FNF:0
FNH:0
DA:1,1
DA:5,1
LF:2
LH:2
BRF:0
BRH:0
end_of_record
TN:
SF:controllers/userController.js
FN:5,(anonymous_0)
FN:33,(anonymous_1)
FN:63,(anonymous_2)
FN:88,(anonymous_3)
FN:109,(anonymous_4)
FN:125,(anonymous_5)
FNF:6
FNH:1
FNDA:2,(anonymous_0)
FNDA:0,(anonymous_1)
FNDA:0,(anonymous_2)
FNDA:0,(anonymous_3)
FNDA:0,(anonymous_4)
FNDA:0,(anonymous_5)
DA:1,1
DA:2,1
DA:6,2
DA:9,2
DA:18,2
DA:21,2
DA:26,0
DA:34,0
DA:37,0
DA:50,0
DA:51,0
DA:56,0
DA:64,0
DA:65,0
DA:68,0
DA:69,0
DA:75,0
DA:80,0
DA:89,0
DA:90,0
DA:94,0
DA:101,0
DA:110,0
DA:112,0
DA:114,0
DA:118,0
DA:126,0
DA:127,0
DA:140,0
DA:148,1
LF:30
LH:7
BRDA:68,0,0,0
BRDA:68,0,1,0
BRF:2
BRH:0
end_of_record
TN:
SF:middlewares/auth/index.js
FN:9,(anonymous_0)
FN:11,(anonymous_1)
FN:48,(anonymous_2)
FN:76,(anonymous_3)
FN:78,(anonymous_4)
FN:115,(anonymous_5)
FN:160,(anonymous_6)
FN:162,(anonymous_7)
FN:201,(anonymous_8)
FN:225,(anonymous_9)
FN:227,(anonymous_10)
FN:266,(anonymous_11)
FNF:12
FNH:6
FNDA:2,(anonymous_0)
FNDA:2,(anonymous_1)
FNDA:2,(anonymous_2)
FNDA:1,(anonymous_3)
FNDA:1,(anonymous_4)
FNDA:1,(anonymous_5)
FNDA:0,(anonymous_6)
FNDA:0,(anonymous_7)
FNDA:0,(anonymous_8)
FNDA:0,(anonymous_9)
FNDA:0,(anonymous_10)
FNDA:0,(anonymous_11)
DA:1,1
DA:2,1
DA:3,1
DA:4,1
DA:5,1
DA:6,1
DA:9,1
DA:11,2
DA:18,2
DA:19,0
DA:26,2
DA:27,1
DA:33,1
DA:36,1
DA:40,1
DA:49,2
DA:52,2
DA:59,1
DA:68,1
DA:76,1
DA:78,1
DA:85,1
DA:86,0
DA:93,1
DA:94,0
DA:100,1
DA:103,1
DA:107,1
DA:116,1
DA:119,1
DA:125,1
DA:126,0
DA:132,1
DA:137,1
DA:138,0
DA:143,1
DA:152,0
DA:160,1
DA:162,0
DA:169,0
DA:170,0
DA:177,0
DA:178,0
DA:184,0
DA:187,0
DA:191,1
DA:203,0
DA:204,0
DA:205,0
DA:207,0
DA:208,0
DA:211,0
DA:217,0
DA:225,1
DA:227,0
DA:234,0
DA:235,0
DA:242,0
DA:243,0
DA:249,0
DA:252,0
DA:256,1
DA:268,0
DA:269,0
DA:270,0
DA:272,0
DA:273,0
DA:276,0
DA:282,0
LF:69
LH:35
BRDA:18,0,0,0
BRDA:18,0,1,2
BRDA:26,1,0,1
BRDA:26,1,1,1
BRDA:85,2,0,0
BRDA:85,2,1,1
BRDA:93,3,0,0
BRDA:93,3,1,1
BRDA:125,4,0,0
BRDA:125,4,1,1
BRDA:137,5,0,0
BRDA:137,5,1,1
BRDA:169,6,0,0
BRDA:169,6,1,0
BRDA:177,7,0,0
BRDA:177,7,1,0
BRDA:207,8,0,0
BRDA:207,8,1,0
BRDA:234,9,0,0
BRDA:234,9,1,0
BRDA:242,10,0,0
BRDA:242,10,1,0
BRDA:272,11,0,0
BRDA:272,11,1,0
BRF:24
BRH:7
end_of_record
TN:
SF:middlewares/validators/userValidator.js
FN:5,(anonymous_0)
FN:50,(anonymous_1)
FN:63,(anonymous_2)
FN:84,(anonymous_3)
FN:129,(anonymous_4)
FNF:5
FNH:2
FNDA:2,(anonymous_0)
FNDA:0,(anonymous_1)
FNDA:1,(anonymous_2)
FNDA:0,(anonymous_3)
FNDA:0,(anonymous_4)
DA:1,1
DA:2,1
DA:3,1
DA:5,1
DA:8,2
DA:9,2
DA:10,0
DA:13,2
DA:14,0
DA:20,2
DA:21,0
DA:25,2
DA:26,0
DA:32,2
DA:33,0
DA:36,0
DA:37,0
DA:41,0
DA:44,0
DA:47,0
DA:50,0
DA:51,0
DA:52,0
DA:60,2
DA:63,1
DA:64,1
DA:65,1
DA:66,0
DA:69,1
DA:70,0
DA:74,1
DA:75,0
DA:80,1
DA:84,1
DA:87,0
DA:88,0
DA:89,0
DA:92,0
DA:93,0
DA:99,0
DA:100,0
DA:104,0
DA:105,0
DA:111,0
DA:112,0
DA:115,0
DA:116,0
DA:120,0
DA:123,0
DA:126,0
DA:129,0
DA:130,0
DA:131,0
DA:139,0
LF:54
LH:18
BRDA:9,0,0,0
BRDA:9,0,1,2
BRDA:13,1,0,0
BRDA:13,1,1,2
BRDA:20,2,0,0
BRDA:20,2,1,2
BRDA:25,3,0,0
BRDA:25,3,1,2
BRDA:32,4,0,0
BRDA:32,4,1,2
BRDA:36,5,0,0
BRDA:36,5,1,0
BRDA:51,6,0,0
BRDA:51,6,1,0
BRDA:65,7,0,0
BRDA:65,7,1,1
BRDA:69,8,0,0
BRDA:69,8,1,1
BRDA:74,9,0,0
BRDA:74,9,1,1
BRDA:88,10,0,0
BRDA:88,10,1,0
BRDA:92,11,0,0
BRDA:92,11,1,0
BRDA:99,12,0,0
BRDA:99,12,1,0
BRDA:104,13,0,0
BRDA:104,13,1,0
BRDA:111,14,0,0
BRDA:111,14,1,0
BRDA:115,15,0,0
BRDA:115,15,1,0
BRDA:130,16,0,0
BRDA:130,16,1,0
BRF:34
BRH:8
end_of_record
TN:
SF:models/caster.js
FNF:0
FNH:0
DA:1,1
DA:2,1
DA:5,1
DA:20,1
DA:22,1
LF:5
LH:5
BRF:0
BRH:0
end_of_record
TN:
SF:models/index.js
FN:13,(anonymous_0)
FN:14,(anonymous_1)
FNF:2
FNH:1
FNDA:1,(anonymous_0)
FNDA:0,(anonymous_1)
DA:1,1
DA:3,1
DA:6,1
DA:13,1
DA:14,0
DA:17,1
DA:18,1
DA:19,1
DA:20,1
DA:23,1
LF:10
LH:9
BRF:0
BRH:0
end_of_record
TN:
SF:models/movie.js
FNF:0
FNH:0
DA:1,1
DA:2,1
DA:5,1
DA:20,1
DA:22,1
LF:5
LH:5
BRF:0
BRH:0
end_of_record
TN:
SF:models/review.js
FNF:0
FNH:0
DA:1,1
DA:2,1
DA:5,1
DA:37,1
DA:39,1
LF:5
LH:5
BRF:0
BRH:0
end_of_record
TN:
SF:models/user.js
FN:57,getImage
FN:62,encryptPassword
FNF:2
FNH:1
FNDA:0,getImage
FNDA:2,encryptPassword
DA:1,1
DA:2,1
DA:3,1
DA:6,1
DA:13,1
DA:58,0
DA:63,2
DA:64,2
DA:67,1
DA:69,1
LF:10
LH:9
BRF:0
BRH:0
end_of_record
TN:
SF:routes/casterRoutes.js
FNF:0
FNH:0
DA:1,1
DA:6,1
DA:11,1
DA:14,1
LF:4
LH:4
BRF:0
BRH:0
end_of_record
TN:
SF:routes/movieRoutes.js
FNF:0
FNH:0
DA:1,1
DA:6,1
DA:11,1
DA:14,1
LF:4
LH:4
BRF:0
BRH:0
end_of_record
TN:
SF:routes/reviewRoutes.js
FNF:0
FNH:0
DA:1,1
DA:6,1
DA:11,1
DA:14,1
LF:4
LH:4
BRF:0
BRH:0
end_of_record
TN:
SF:routes/userRoutes.js
FNF:0
FNH:0
DA:1,1
DA:3,1
DA:4,1
DA:5,1
DA:15,1
DA:17,1
DA:23,1
DA:29,1
DA:30,1
DA:31,1
DA:32,1
DA:33,1
DA:36,1
DA:38,1
LF:14
LH:14
BRF:0
BRH:0
end_of_record
